<?xml version="1.0" encoding="UTF-8"?>
<!-- Generated by org.testng.reporters.JUnitReportReporter -->
<testsuite hostname="TYC1221031" failures="0" tests="6" name="RunnerFile.TestngRunnerFile" time="113.835" errors="0" timestamp="2024-06-22T12:12:52 IST" skipped="0">
  <testcase classname="RunnerFile.TestngRunnerFile" name="runScenario" time="14.727"/>
  <testcase classname="RunnerFile.TestngRunnerFile" name="runScenario" time="17.928"/>
  <testcase classname="RunnerFile.TestngRunnerFile" name="runScenario" time="29.046"/>
  <testcase classname="RunnerFile.TestngRunnerFile" name="runScenario" time="15.105"/>
  <testcase classname="RunnerFile.TestngRunnerFile" name="runScenario" time="22.489"/>
  <testcase classname="RunnerFile.TestngRunnerFile" name="runScenario" time="14.540"/>
</testsuite> <!-- RunnerFile.TestngRunnerFile -->
